This file contains any messages produced by compilers while
running configure, to aid debugging if configure makes a mistake.

It was created by opus configure 1.2.1, which was
generated by GNU Autoconf 2.69.  Invocation command line was

  $ ./configure 

## --------- ##
## Platform. ##
## --------- ##

hostname = Michael-MacBook.local
uname -m = x86_64
uname -r = 15.6.0
uname -s = Darwin
uname -v = Darwin Kernel Version 15.6.0: Mon Jan  9 23:07:29 PST 2017; root:xnu-3248.60.11.2.1~1/RELEASE_X86_64

/usr/bin/uname -p = i386
/bin/uname -X     = unknown

/bin/arch              = unknown
/usr/bin/arch -k       = unknown
/usr/convex/getsysinfo = unknown
/usr/bin/hostinfo      = Mach kernel version:
	 Darwin Kernel Version 15.6.0: Mon Jan  9 23:07:29 PST 2017; root:xnu-3248.60.11.2.1~1/RELEASE_X86_64
Kernel configured for up to 4 processors.
2 processors are physically available.
4 processors are logically available.
Processor type: x86_64h (Intel x86-64h Haswell)
Processors active: 0 1 2 3
Primary memory available: 8.00 gigabytes
Default processor set: 285 tasks, 1607 threads, 4 processors
Load average: 3.60, Mach factor: 2.05
/bin/machine           = unknown
/usr/bin/oslevel       = unknown
/bin/universe          = unknown

PATH: /Applications/Developer/cocos2d-x-3.13.1/templates
PATH: /Applications/Developer
PATH: /Applications/Developer/cocos2d-x-3.13.1/tools/cocos2d-console/bin
PATH: /usr/local/bin
PATH: /Library/Frameworks/Python.framework/Versions/3.5/bin
PATH: /Library/Frameworks/Python.framework/Versions/2.7/bin
PATH: /Library/Frameworks/Python.framework/Versions/3.5/bin
PATH: /Library/Frameworks/Python.framework/Versions/2.7/bin
PATH: /opt/local/bin
PATH: /opt/local/sbin
PATH: /Library/Frameworks/Python.framework/Versions/2.7/bin
PATH: /usr/local/bin
PATH: /usr/bin
PATH: /bin
PATH: /usr/sbin
PATH: /sbin
PATH: /Library/Frameworks/Mono.framework/Versions/Current/Commands


## ----------- ##
## Core tests. ##
## ----------- ##

configure:2361: checking whether make supports nested variables
configure:2378: result: yes
configure:2444: checking for a BSD-compatible install
configure:2512: result: /usr/bin/install -c
configure:2523: checking whether build environment is sane
configure:2578: result: yes
configure:2729: checking for a thread-safe mkdir -p
configure:2768: result: ./install-sh -c -d
configure:2775: checking for gawk
configure:2805: result: no
configure:2775: checking for mawk
configure:2805: result: no
configure:2775: checking for nawk
configure:2805: result: no
configure:2775: checking for awk
configure:2791: found /usr/bin/awk
configure:2802: result: awk
configure:2813: checking whether make sets $(MAKE)
configure:2835: result: yes
configure:2960: checking whether to enable maintainer-specific portions of Makefiles
configure:2969: result: yes
configure:2987: checking build system type
configure:3001: result: x86_64-apple-darwin15.6.0
configure:3021: checking host system type
configure:3034: result: x86_64-apple-darwin15.6.0
configure:3106: checking how to print strings
configure:3133: result: printf
configure:3166: checking for style of include used by make
configure:3194: result: GNU
configure:3265: checking for gcc
configure:3281: found /usr/bin/gcc
configure:3292: result: gcc
configure:3521: checking for C compiler version
configure:3530: gcc --version >&5
Apple LLVM version 8.0.0 (clang-800.0.42.1)
Target: x86_64-apple-darwin15.6.0
Thread model: posix
InstalledDir: /Applications/Xcode.app/Contents/Developer/Toolchains/XcodeDefault.xctoolchain/usr/bin
Configured with: --prefix=/Applications/Xcode.app/Contents/Developer/usr --with-gxx-include-dir=/usr/include/c++/4.2.1
configure:3541: $? = 0
configure:3530: gcc -v >&5
Configured with: --prefix=/Applications/Xcode.app/Contents/Developer/usr --with-gxx-include-dir=/usr/include/c++/4.2.1
Apple LLVM version 8.0.0 (clang-800.0.42.1)
Target: x86_64-apple-darwin15.6.0
Thread model: posix
InstalledDir: /Applications/Xcode.app/Contents/Developer/Toolchains/XcodeDefault.xctoolchain/usr/bin
configure:3541: $? = 0
configure:3530: gcc -V >&5
clang: error: argument to '-V' is missing (expected 1 value)
clang: error: no input files
configure:3541: $? = 1
configure:3530: gcc -qversion >&5
clang: error: unknown argument: '-qversion'
clang: error: no input files
configure:3541: $? = 1
configure:3561: checking whether the C compiler works
configure:3583: gcc    conftest.c  >&5
configure:3587: $? = 0
configure:3635: result: yes
configure:3638: checking for C compiler default output file name
configure:3640: result: a.out
configure:3646: checking for suffix of executables
configure:3653: gcc -o conftest    conftest.c  >&5
configure:3657: $? = 0
configure:3679: result: 
configure:3701: checking whether we are cross compiling
configure:3709: gcc -o conftest    conftest.c  >&5
configure:3713: $? = 0
configure:3720: ./conftest
configure:3724: $? = 0
configure:3739: result: no
configure:3744: checking for suffix of object files
configure:3766: gcc -c   conftest.c >&5
configure:3770: $? = 0
configure:3791: result: o
configure:3795: checking whether we are using the GNU C compiler
configure:3814: gcc -c   conftest.c >&5
configure:3814: $? = 0
configure:3823: result: yes
configure:3832: checking whether gcc accepts -g
configure:3852: gcc -c -g  conftest.c >&5
configure:3852: $? = 0
configure:3893: result: yes
configure:3910: checking for gcc option to accept ISO C89
configure:3973: gcc  -c -g -O2  conftest.c >&5
configure:3973: $? = 0
configure:3986: result: none needed
configure:4011: checking whether gcc understands -c and -o together
configure:4033: gcc -c conftest.c -o conftest2.o
configure:4036: $? = 0
configure:4033: gcc -c conftest.c -o conftest2.o
configure:4036: $? = 0
configure:4048: result: yes
configure:4067: checking dependency style of gcc
configure:4178: result: gcc3
configure:4193: checking for a sed that does not truncate output
configure:4257: result: /usr/bin/sed
configure:4275: checking for grep that handles long lines and -e
configure:4333: result: /usr/bin/grep
configure:4338: checking for egrep
configure:4400: result: /usr/bin/grep -E
configure:4405: checking for fgrep
configure:4467: result: /usr/bin/grep -F
configure:4502: checking for ld used by gcc
configure:4569: result: /Applications/Xcode.app/Contents/Developer/Toolchains/XcodeDefault.xctoolchain/usr/bin/ld
configure:4576: checking if the linker (/Applications/Xcode.app/Contents/Developer/Toolchains/XcodeDefault.xctoolchain/usr/bin/ld) is GNU ld
configure:4591: result: no
configure:4603: checking for BSD- or MS-compatible name lister (nm)
configure:4657: result: /usr/bin/nm -B
configure:4787: checking the name lister (/usr/bin/nm -B) interface
configure:4794: gcc -c -g -O2  conftest.c >&5
configure:4797: /usr/bin/nm -B "conftest.o"
configure:4800: output
0000000000000204 S _some_variable
configure:4807: result: BSD nm
configure:4810: checking whether ln -s works
configure:4814: result: yes
configure:4822: checking the maximum length of command line arguments
configure:4953: result: 196608
configure:5001: checking how to convert x86_64-apple-darwin15.6.0 file names to x86_64-apple-darwin15.6.0 format
configure:5041: result: func_convert_file_noop
configure:5048: checking how to convert x86_64-apple-darwin15.6.0 file names to toolchain format
configure:5068: result: func_convert_file_noop
configure:5075: checking for /Applications/Xcode.app/Contents/Developer/Toolchains/XcodeDefault.xctoolchain/usr/bin/ld option to reload object files
configure:5082: result: -r
configure:5156: checking for objdump
configure:5186: result: no
configure:5215: checking how to recognize dependent libraries
configure:5415: result: pass_all
configure:5500: checking for dlltool
configure:5530: result: no
configure:5560: checking how to associate runtime and link libraries
configure:5587: result: printf %s\n
configure:5648: checking for ar
configure:5664: found /opt/local/bin/ar
configure:5675: result: ar
configure:5712: checking for archiver @FILE support
configure:5729: gcc -c -g -O2  conftest.c >&5
configure:5729: $? = 0
configure:5732: ar cru libconftest.a @conftest.lst >&5
ar: @conftest.lst: No such file or directory
configure:5735: $? = 1
configure:5755: result: no
configure:5813: checking for strip
configure:5829: found /opt/local/bin/strip
configure:5840: result: strip
configure:5912: checking for ranlib
configure:5928: found /opt/local/bin/ranlib
configure:5939: result: ranlib
configure:6041: checking command to parse /usr/bin/nm -B output from gcc object
configure:6194: gcc -c -g -O2  conftest.c >&5
configure:6197: $? = 0
configure:6201: /usr/bin/nm -B conftest.o \| sed -n -e 's/^.*[ ]\([BCDEGRST][BCDEGRST]*\)[ ][ ]*\([_A-Za-z][_A-Za-z0-9]*\)$/\1 \2 \2/p' | sed '/ __gnu_lto/d' \> conftest.nm
configure:6204: $? = 0
cannot find nm_test_var in conftest.nm
configure:6194: gcc -c -g -O2  conftest.c >&5
configure:6197: $? = 0
configure:6201: /usr/bin/nm -B conftest.o \| sed -n -e 's/^.*[ ]\([BCDEGRST][BCDEGRST]*\)[ ][ ]*_\([_A-Za-z][_A-Za-z0-9]*\)$/\1 _\2 \2/p' | sed '/ __gnu_lto/d' \> conftest.nm
configure:6204: $? = 0
configure:6270: gcc -o conftest -g -O2   conftest.c conftstm.o >&5
warning: (x86_64)  could not find object file symbol for symbol _main
configure:6273: $? = 0
configure:6311: result: ok
configure:6358: checking for sysroot
configure:6388: result: no
configure:6395: checking for a working dd
configure:6433: result: /bin/dd
configure:6437: checking how to truncate binary pipes
configure:6452: result: /bin/dd bs=4096 count=1
configure:6781: checking for mt
configure:6811: result: no
configure:6831: checking if : is a manifest tool
configure:6837: : '-?'
configure:6845: result: no
configure:6901: checking for dsymutil
configure:6917: found /usr/bin/dsymutil
configure:6928: result: dsymutil
configure:6993: checking for nmedit
configure:7009: found /opt/local/bin/nmedit
configure:7020: result: nmedit
configure:7085: checking for lipo
configure:7101: found /opt/local/bin/lipo
configure:7112: result: lipo
configure:7177: checking for otool
configure:7193: found /opt/local/bin/otool
configure:7204: result: otool
configure:7269: checking for otool64
configure:7299: result: no
configure:7344: checking for -single_module linker flag
gcc -g -O2  -o libconftest.dylib -dynamiclib -Wl,-single_module conftest.c
configure:7377: result: yes
configure:7380: checking for -exported_symbols_list linker flag
configure:7400: gcc -o conftest -g -O2   -Wl,-exported_symbols_list,conftest.sym conftest.c  >&5
configure:7400: $? = 0
configure:7410: result: yes
configure:7413: checking for -force_load linker flag
gcc -g -O2 -c -o conftest.o conftest.c
ar cru libconftest.a conftest.o
ranlib libconftest.a
gcc -g -O2  -o conftest conftest.c -Wl,-force_load,./libconftest.a
configure:7445: result: yes
configure:7522: checking how to run the C preprocessor
configure:7553: gcc -E  conftest.c
configure:7553: $? = 0
configure:7567: gcc -E  conftest.c
conftest.c:9:10: fatal error: 'ac_nonexistent.h' file not found
#include <ac_nonexistent.h>
         ^
1 error generated.
configure:7567: $? = 1
configure: failed program was:
| /* confdefs.h */
| #define PACKAGE_NAME "opus"
| #define PACKAGE_TARNAME "opus"
| #define PACKAGE_VERSION "1.2.1"
| #define PACKAGE_STRING "opus 1.2.1"
| #define PACKAGE_BUGREPORT "opus@xiph.org"
| #define PACKAGE_URL ""
| /* end confdefs.h.  */
| #include <ac_nonexistent.h>
configure:7592: result: gcc -E
configure:7612: gcc -E  conftest.c
configure:7612: $? = 0
configure:7626: gcc -E  conftest.c
conftest.c:9:10: fatal error: 'ac_nonexistent.h' file not found
#include <ac_nonexistent.h>
         ^
1 error generated.
configure:7626: $? = 1
configure: failed program was:
| /* confdefs.h */
| #define PACKAGE_NAME "opus"
| #define PACKAGE_TARNAME "opus"
| #define PACKAGE_VERSION "1.2.1"
| #define PACKAGE_STRING "opus 1.2.1"
| #define PACKAGE_BUGREPORT "opus@xiph.org"
| #define PACKAGE_URL ""
| /* end confdefs.h.  */
| #include <ac_nonexistent.h>
configure:7655: checking for ANSI C header files
configure:7675: gcc -c -g -O2  conftest.c >&5
configure:7675: $? = 0
configure:7748: gcc -o conftest -g -O2   conftest.c  >&5
configure:7748: $? = 0
configure:7748: ./conftest
configure:7748: $? = 0
configure:7759: result: yes
configure:7772: checking for sys/types.h
configure:7772: gcc -c -g -O2  conftest.c >&5
configure:7772: $? = 0
configure:7772: result: yes
configure:7772: checking for sys/stat.h
configure:7772: gcc -c -g -O2  conftest.c >&5
configure:7772: $? = 0
configure:7772: result: yes
configure:7772: checking for stdlib.h
configure:7772: gcc -c -g -O2  conftest.c >&5
configure:7772: $? = 0
configure:7772: result: yes
configure:7772: checking for string.h
configure:7772: gcc -c -g -O2  conftest.c >&5
configure:7772: $? = 0
configure:7772: result: yes
configure:7772: checking for memory.h
configure:7772: gcc -c -g -O2  conftest.c >&5
configure:7772: $? = 0
configure:7772: result: yes
configure:7772: checking for strings.h
configure:7772: gcc -c -g -O2  conftest.c >&5
configure:7772: $? = 0
configure:7772: result: yes
configure:7772: checking for inttypes.h
configure:7772: gcc -c -g -O2  conftest.c >&5
configure:7772: $? = 0
configure:7772: result: yes
configure:7772: checking for stdint.h
configure:7772: gcc -c -g -O2  conftest.c >&5
configure:7772: $? = 0
configure:7772: result: yes
configure:7772: checking for unistd.h
configure:7772: gcc -c -g -O2  conftest.c >&5
configure:7772: $? = 0
configure:7772: result: yes
configure:7786: checking for dlfcn.h
configure:7786: gcc -c -g -O2  conftest.c >&5
configure:7786: $? = 0
configure:7786: result: yes
configure:8042: checking for objdir
configure:8057: result: .libs
configure:8321: checking if gcc supports -fno-rtti -fno-exceptions
configure:8339: gcc -c -g -O2  -fno-rtti -fno-exceptions conftest.c >&5
configure:8343: $? = 0
configure:8356: result: yes
configure:8714: checking for gcc option to produce PIC
configure:8721: result: -fno-common -DPIC
configure:8729: checking if gcc PIC flag -fno-common -DPIC works
configure:8747: gcc -c -g -O2  -fno-common -DPIC -DPIC conftest.c >&5
configure:8751: $? = 0
configure:8764: result: yes
configure:8793: checking if gcc static flag -static works
configure:8821: result: no
configure:8836: checking if gcc supports -c -o file.o
configure:8857: gcc -c -g -O2  -o out/conftest2.o conftest.c >&5
configure:8861: $? = 0
configure:8883: result: yes
configure:8891: checking if gcc supports -c -o file.o
configure:8938: result: yes
configure:8971: checking whether the gcc linker (/Applications/Xcode.app/Contents/Developer/Toolchains/XcodeDefault.xctoolchain/usr/bin/ld) supports shared libraries
configure:10230: result: yes
configure:10470: checking dynamic linker characteristics
configure:11291: result: darwin15.6.0 dyld
configure:11413: checking how to hardcode library paths into programs
configure:11438: result: immediate
configure:11986: checking whether stripping libraries is possible
configure:12000: result: yes
configure:12026: checking if libtool supports shared libraries
configure:12028: result: yes
configure:12031: checking whether to build shared libraries
configure:12056: result: yes
configure:12059: checking whether to build static libraries
configure:12063: result: yes
configure:12102: checking for gcc option to accept ISO C99
configure:12251: gcc  -c -g -O2  conftest.c >&5
configure:12251: $? = 0
configure:12264: result: none needed
configure:12279: checking for an ANSI C-conforming const
configure:12345: gcc -c -g -O2  conftest.c >&5
configure:12345: $? = 0
configure:12352: result: yes
configure:12360: checking for inline
configure:12376: gcc -c -g -O2  conftest.c >&5
configure:12376: $? = 0
configure:12384: result: inline
configure:12412: checking dependency style of gcc
configure:12521: result: gcc3
configure:12545: checking for C/C++ restrict keyword
configure:12570: gcc -c -g -O2  conftest.c >&5
configure:12570: $? = 0
configure:12578: result: __restrict
configure:12593: checking for C99 variable-size arrays
configure:12606: gcc -c -g -O2  conftest.c >&5
configure:12606: $? = 0
configure:12619: result: yes
configure:13839: checking if compiler supports SSE intrinsics
configure:13860: gcc -o conftest -g -O2   conftest.c  >&5
configure:13860: $? = 0
configure:13864: result: yes
configure:13923: checking if compiler supports SSE2 intrinsics
configure:13944: gcc -o conftest -g -O2   conftest.c  >&5
configure:13944: $? = 0
configure:13948: result: yes
configure:14007: checking if compiler supports SSE4.1 intrinsics
configure:14028: gcc -o conftest -g -O2   conftest.c  >&5
conftest.c:33:21: error: always_inline function '_mm_mul_epi32' requires target feature 'sse4.1', but would be inlined into function 'main' that is compiled without support for 'sse4.1'
            mtest = _mm_mul_epi32(mtest, mtest);
                    ^
1 error generated.
configure:14028: $? = 1
configure: failed program was:
| /* confdefs.h */
| #define PACKAGE_NAME "opus"
| #define PACKAGE_TARNAME "opus"
| #define PACKAGE_VERSION "1.2.1"
| #define PACKAGE_STRING "opus 1.2.1"
| #define PACKAGE_BUGREPORT "opus@xiph.org"
| #define PACKAGE_URL ""
| #define STDC_HEADERS 1
| #define HAVE_SYS_TYPES_H 1
| #define HAVE_SYS_STAT_H 1
| #define HAVE_STDLIB_H 1
| #define HAVE_STRING_H 1
| #define HAVE_MEMORY_H 1
| #define HAVE_STRINGS_H 1
| #define HAVE_INTTYPES_H 1
| #define HAVE_STDINT_H 1
| #define HAVE_UNISTD_H 1
| #define HAVE_DLFCN_H 1
| #define LT_OBJDIR ".libs/"
| #define OPUS_BUILD /**/
| #define restrict __restrict
| #define VAR_ARRAYS 1
| /* end confdefs.h.  */
| #include <smmintrin.h>
|            #include <time.h>
| 
| int
| main ()
| {
| 
|             __m128i mtest;
|             mtest = _mm_set1_epi32((int)time(NULL));
|             mtest = _mm_mul_epi32(mtest, mtest);
|             return _mm_cvtsi128_si32(mtest);
| 
| 
|   ;
|   return 0;
| }
configure:14038: result: no
configure:14040: checking if compiler supports SSE4.1 intrinsics with -msse4.1
configure:14062: gcc -o conftest -g -O2 -msse4.1   conftest.c  >&5
configure:14062: $? = 0
configure:14064: result: yes
configure:14091: checking if compiler supports AVX intrinsics
configure:14112: gcc -o conftest -g -O2   conftest.c  >&5
conftest.c:32:22: error: always_inline function '_mm256_set1_ps' requires target feature 'sse4.2', but would be inlined into function 'main' that is compiled without support for 'sse4.2'
             mtest = _mm256_set1_ps((float)time(NULL));
                     ^
conftest.c:33:22: error: always_inline function '_mm256_addsub_ps' requires target feature 'sse4.2', but would be inlined into function 'main' that is compiled without support for 'sse4.2'
             mtest = _mm256_addsub_ps(mtest, mtest);
                     ^
conftest.c:34:36: error: always_inline function '_mm256_setzero_ps' requires target feature 'sse4.2', but would be inlined into function 'main' that is compiled without support for 'sse4.2'
             return _mm_cvtss_si32(_mm256_extractf128_ps(mtest, 0));
                                   ^
/Applications/Xcode.app/Contents/Developer/Toolchains/XcodeDefault.xctoolchain/usr/bin/../lib/clang/8.0.0/include/avxintrin.h:1197:14: note: expanded from macro '_mm256_extractf128_ps'
    (__v8sf)(_mm256_setzero_ps()), \
             ^
3 errors generated.
configure:14112: $? = 1
configure: failed program was:
| /* confdefs.h */
| #define PACKAGE_NAME "opus"
| #define PACKAGE_TARNAME "opus"
| #define PACKAGE_VERSION "1.2.1"
| #define PACKAGE_STRING "opus 1.2.1"
| #define PACKAGE_BUGREPORT "opus@xiph.org"
| #define PACKAGE_URL ""
| #define STDC_HEADERS 1
| #define HAVE_SYS_TYPES_H 1
| #define HAVE_SYS_STAT_H 1
| #define HAVE_STDLIB_H 1
| #define HAVE_STRING_H 1
| #define HAVE_MEMORY_H 1
| #define HAVE_STRINGS_H 1
| #define HAVE_INTTYPES_H 1
| #define HAVE_STDINT_H 1
| #define HAVE_UNISTD_H 1
| #define HAVE_DLFCN_H 1
| #define LT_OBJDIR ".libs/"
| #define OPUS_BUILD /**/
| #define restrict __restrict
| #define VAR_ARRAYS 1
| /* end confdefs.h.  */
| #include <immintrin.h>
|            #include <time.h>
| 
| int
| main ()
| {
| 
|              __m256 mtest;
|              mtest = _mm256_set1_ps((float)time(NULL));
|              mtest = _mm256_addsub_ps(mtest, mtest);
|              return _mm_cvtss_si32(_mm256_extractf128_ps(mtest, 0));
| 
| 
|   ;
|   return 0;
| }
configure:14122: result: no
configure:14124: checking if compiler supports AVX intrinsics with -mavx
configure:14146: gcc -o conftest -g -O2 -mavx   conftest.c  >&5
configure:14146: $? = 0
configure:14148: result: yes
configure:14279: checking How to get X86 CPU Info
configure:14308: gcc -o conftest -g -O2   conftest.c  >&5
configure:14308: $? = 0
configure:14310: result: Inline Assembly
configure:14517: checking for doxygen
configure:14545: result: no
configure:14555: checking for dot
configure:14583: result: no
configure:14644: checking if gcc supports -fvisibility=hidden
configure:14650: gcc -c -g -O2 -fvisibility=hidden  conftest.c >&5
configure:14650: $? = 0
configure:14651: result: yes
configure:14666: checking if gcc supports -Wall -Wextra -Wcast-align -Wnested-externs -Wshadow -Wstrict-prototypes
configure:14672: gcc -c -g -O2 -fvisibility=hidden -W -Wall -Wextra -Wcast-align -Wnested-externs -Wshadow -Wstrict-prototypes  conftest.c >&5
configure:14672: $? = 0
configure:14673: result: yes
configure:14687: checking for lrintf
configure:14687: gcc -o conftest -g -O2 -fvisibility=hidden -W -Wall -Wextra -Wcast-align -Wnested-externs -Wshadow -Wstrict-prototypes   conftest.c   >&5
conftest.c:55:6: warning: incompatible redeclaration of library function 'lrintf' [-Wincompatible-library-redeclaration]
char lrintf ();
     ^
conftest.c:55:6: note: 'lrintf' is a builtin with type 'long (float)'
1 warning generated.
configure:14687: $? = 0
configure:14687: result: yes
configure:14698: checking for lrint
configure:14698: gcc -o conftest -g -O2 -fvisibility=hidden -W -Wall -Wextra -Wcast-align -Wnested-externs -Wshadow -Wstrict-prototypes   conftest.c   >&5
conftest.c:56:6: warning: incompatible redeclaration of library function 'lrint' [-Wincompatible-library-redeclaration]
char lrint ();
     ^
conftest.c:56:6: note: 'lrint' is a builtin with type 'long (double)'
1 warning generated.
configure:14698: $? = 0
configure:14698: result: yes
configure:14711: checking for __malloc_hook
configure:14711: gcc -o conftest -g -O2 -fvisibility=hidden -W -Wall -Wextra -Wcast-align -Wnested-externs -Wshadow -Wstrict-prototypes   conftest.c  >&5
Undefined symbols for architecture x86_64:
  "___malloc_hook", referenced from:
      _main in conftest-12f7d6.o
ld: symbol(s) not found for architecture x86_64
clang: error: linker command failed with exit code 1 (use -v to see invocation)
configure:14711: $? = 1
configure: failed program was:
| /* confdefs.h */
| #define PACKAGE_NAME "opus"
| #define PACKAGE_TARNAME "opus"
| #define PACKAGE_VERSION "1.2.1"
| #define PACKAGE_STRING "opus 1.2.1"
| #define PACKAGE_BUGREPORT "opus@xiph.org"
| #define PACKAGE_URL ""
| #define STDC_HEADERS 1
| #define HAVE_SYS_TYPES_H 1
| #define HAVE_SYS_STAT_H 1
| #define HAVE_STDLIB_H 1
| #define HAVE_STRING_H 1
| #define HAVE_MEMORY_H 1
| #define HAVE_STRINGS_H 1
| #define HAVE_INTTYPES_H 1
| #define HAVE_STDINT_H 1
| #define HAVE_UNISTD_H 1
| #define HAVE_DLFCN_H 1
| #define LT_OBJDIR ".libs/"
| #define OPUS_BUILD /**/
| #define restrict __restrict
| #define VAR_ARRAYS 1
| #define OPUS_X86_MAY_HAVE_SSE 1
| #define OPUS_X86_PRESUME_SSE 1
| #define OPUS_X86_MAY_HAVE_SSE2 1
| #define OPUS_X86_PRESUME_SSE2 1
| #define OPUS_X86_MAY_HAVE_SSE4_1 1
| #define OPUS_X86_MAY_HAVE_AVX 1
| #define CPU_INFO_BY_ASM 1
| #define OPUS_HAVE_RTCD 1
| #define HAVE_LRINTF 1
| #define HAVE_LRINT 1
| /* end confdefs.h.  */
| /* Define __malloc_hook to an innocuous variant, in case <limits.h> declares __malloc_hook.
|    For example, HP-UX 11i <limits.h> declares gettimeofday.  */
| #define __malloc_hook innocuous___malloc_hook
| 
| /* System header to define __stub macros and hopefully few prototypes,
|     which can conflict with char __malloc_hook (); below.
|     Prefer <limits.h> to <assert.h> if __STDC__ is defined, since
|     <limits.h> exists even on freestanding compilers.  */
| 
| #ifdef __STDC__
| # include <limits.h>
| #else
| # include <assert.h>
| #endif
| 
| #undef __malloc_hook
| 
| /* Override any GCC internal prototype to avoid an error.
|    Use char because int might match the return type of a GCC
|    builtin and then its argument prototype would still apply.  */
| #ifdef __cplusplus
| extern "C"
| #endif
| char __malloc_hook ();
| /* The GNU C library defines this for functions which it implements
|     to always fail with ENOSYS.  Some functions are actually named
|     something starting with __ and the normal name is an alias.  */
| #if defined __stub___malloc_hook || defined __stub_____malloc_hook
| choke me
| #endif
| 
| int
| main ()
| {
| return __malloc_hook ();
|   ;
|   return 0;
| }
configure:14711: result: no
configure:14837: checking that generated files are newer than configure
configure:14843: result: done
configure:14954: creating ./config.status

## ---------------------- ##
## Running config.status. ##
## ---------------------- ##

This file was extended by opus config.status 1.2.1, which was
generated by GNU Autoconf 2.69.  Invocation command line was

  CONFIG_FILES    = 
  CONFIG_HEADERS  = 
  CONFIG_LINKS    = 
  CONFIG_COMMANDS = 
  $ ./config.status 

on Michael-MacBook.local

config.status:1158: creating Makefile
config.status:1158: creating opus.pc
config.status:1158: creating opus-uninstalled.pc
config.status:1158: creating celt/arm/armopts.s
config.status:1158: creating doc/Makefile
config.status:1158: creating doc/Doxyfile
config.status:1158: creating config.h
config.status:1387: executing depfiles commands
config.status:1387: executing libtool commands
configure:17134:
------------------------------------------------------------------------
  opus 1.2.1:  Automatic configuration OK.

    Compiler support:

      C99 var arrays: ................ yes
      C99 lrintf: .................... yes
      Use alloca: .................... no (using var arrays)

    General configuration:

      Floating point support: ........ yes
      Fast float approximations: ..... no
      Fixed point debugging: ......... no
      Inline Assembly Optimizations: . No inline ASM for your platform, please send patches
      External Assembly Optimizations: 
      Intrinsics Optimizations.......: x86 SSE SSE2 SSE4.1 AVX
      Run-time CPU detection: ........ x86 SSE4.1 AVX
      Custom modes: .................. no
      Assertion checking: ............ no
      Fuzzing: ....................... no
      Check ASM: ..................... no
      Ambisonics support: ............ no

      API documentation: ............. yes
      Extra programs: ................ yes
------------------------------------------------------------------------

 Type "make; make install" to compile and install
 Type "make check" to run the test suite


## ---------------- ##
## Cache variables. ##
## ---------------- ##

ac_cv_build=x86_64-apple-darwin15.6.0
ac_cv_c_compiler_gnu=yes
ac_cv_c_const=yes
ac_cv_c_inline=inline
ac_cv_c_restrict=__restrict
ac_cv_env_ARM_NEON_INTR_CFLAGS_set=
ac_cv_env_ARM_NEON_INTR_CFLAGS_value=
ac_cv_env_CCASFLAGS_set=
ac_cv_env_CCASFLAGS_value=
ac_cv_env_CCAS_set=
ac_cv_env_CCAS_value=
ac_cv_env_CC_set=
ac_cv_env_CC_value=
ac_cv_env_CFLAGS_set=
ac_cv_env_CFLAGS_value=
ac_cv_env_CPPFLAGS_set=
ac_cv_env_CPPFLAGS_value=
ac_cv_env_CPP_set=
ac_cv_env_CPP_value=
ac_cv_env_LDFLAGS_set=
ac_cv_env_LDFLAGS_value=
ac_cv_env_LIBS_set=
ac_cv_env_LIBS_value=
ac_cv_env_LT_SYS_LIBRARY_PATH_set=
ac_cv_env_LT_SYS_LIBRARY_PATH_value=
ac_cv_env_X86_AVX_CFLAGS_set=
ac_cv_env_X86_AVX_CFLAGS_value=
ac_cv_env_X86_SSE2_CFLAGS_set=
ac_cv_env_X86_SSE2_CFLAGS_value=
ac_cv_env_X86_SSE4_1_CFLAGS_set=
ac_cv_env_X86_SSE4_1_CFLAGS_value=
ac_cv_env_X86_SSE_CFLAGS_set=
ac_cv_env_X86_SSE_CFLAGS_value=
ac_cv_env_build_alias_set=
ac_cv_env_build_alias_value=
ac_cv_env_host_alias_set=
ac_cv_env_host_alias_value=
ac_cv_env_target_alias_set=
ac_cv_env_target_alias_value=
ac_cv_func___malloc_hook=no
ac_cv_func_lrint=yes
ac_cv_func_lrintf=yes
ac_cv_header_dlfcn_h=yes
ac_cv_header_inttypes_h=yes
ac_cv_header_memory_h=yes
ac_cv_header_stdc=yes
ac_cv_header_stdint_h=yes
ac_cv_header_stdlib_h=yes
ac_cv_header_string_h=yes
ac_cv_header_strings_h=yes
ac_cv_header_sys_stat_h=yes
ac_cv_header_sys_types_h=yes
ac_cv_header_unistd_h=yes
ac_cv_host=x86_64-apple-darwin15.6.0
ac_cv_objext=o
ac_cv_path_EGREP='/usr/bin/grep -E'
ac_cv_path_FGREP='/usr/bin/grep -F'
ac_cv_path_GREP=/usr/bin/grep
ac_cv_path_SED=/usr/bin/sed
ac_cv_path_install='/usr/bin/install -c'
ac_cv_path_lt_DD=/bin/dd
ac_cv_prog_AWK=awk
ac_cv_prog_CPP='gcc -E'
ac_cv_prog_HAVE_DOT=no
ac_cv_prog_HAVE_DOXYGEN=no
ac_cv_prog_ac_ct_AR=ar
ac_cv_prog_ac_ct_CC=gcc
ac_cv_prog_ac_ct_DSYMUTIL=dsymutil
ac_cv_prog_ac_ct_LIPO=lipo
ac_cv_prog_ac_ct_NMEDIT=nmedit
ac_cv_prog_ac_ct_OTOOL=otool
ac_cv_prog_ac_ct_RANLIB=ranlib
ac_cv_prog_ac_ct_STRIP=strip
ac_cv_prog_cc_c89=
ac_cv_prog_cc_c99=
ac_cv_prog_cc_g=yes
ac_cv_prog_make_make_set=yes
am_cv_CCAS_dependencies_compiler_type=gcc3
am_cv_CC_dependencies_compiler_type=gcc3
am_cv_make_support_nested_variables=yes
am_cv_prog_cc_c_o=yes
lt_cv_apple_cc_single_mod=yes
lt_cv_ar_at_file=no
lt_cv_deplibs_check_method=pass_all
lt_cv_file_magic_cmd='$MAGIC_CMD'
lt_cv_file_magic_test_file=
lt_cv_ld_exported_symbols_list=yes
lt_cv_ld_force_load=yes
lt_cv_ld_reload_flag=-r
lt_cv_nm_interface='BSD nm'
lt_cv_objdir=.libs
lt_cv_path_LD=/Applications/Xcode.app/Contents/Developer/Toolchains/XcodeDefault.xctoolchain/usr/bin/ld
lt_cv_path_NM='/usr/bin/nm -B'
lt_cv_path_mainfest_tool=no
lt_cv_prog_compiler_c_o=yes
lt_cv_prog_compiler_pic='-fno-common -DPIC'
lt_cv_prog_compiler_pic_works=yes
lt_cv_prog_compiler_rtti_exceptions=yes
lt_cv_prog_compiler_static_works=no
lt_cv_prog_gnu_ld=no
lt_cv_sharedlib_from_linklib_cmd='printf %s\n'
lt_cv_sys_global_symbol_pipe='sed -n -e '\''s/^.*[	 ]\([BCDEGRST][BCDEGRST]*\)[	 ][	 ]*_\([_A-Za-z][_A-Za-z0-9]*\)$/\1 _\2 \2/p'\'' | sed '\''/ __gnu_lto/d'\'''
lt_cv_sys_global_symbol_to_c_name_address='sed -n -e '\''s/^: \(.*\) .*$/  {"\1", (void *) 0},/p'\'' -e '\''s/^[BCDEGRST][BCDEGRST]* .* \(.*\)$/  {"\1", (void *) \&\1},/p'\'''
lt_cv_sys_global_symbol_to_c_name_address_lib_prefix='sed -n -e '\''s/^: \(.*\) .*$/  {"\1", (void *) 0},/p'\'' -e '\''s/^[BCDEGRST][BCDEGRST]* .* \(lib.*\)$/  {"\1", (void *) \&\1},/p'\'' -e '\''s/^[BCDEGRST][BCDEGRST]* .* \(.*\)$/  {"lib\1", (void *) \&\1},/p'\'''
lt_cv_sys_global_symbol_to_cdecl='sed -n -e '\''s/^T .* \(.*\)$/extern int \1();/p'\'' -e '\''s/^[BCDEGRST][BCDEGRST]* .* \(.*\)$/extern char \1;/p'\'''
lt_cv_sys_global_symbol_to_import=
lt_cv_sys_max_cmd_len=196608
lt_cv_to_host_file_cmd=func_convert_file_noop
lt_cv_to_tool_file_cmd=func_convert_file_noop
lt_cv_truncate_bin='/bin/dd bs=4096 count=1'

## ----------------- ##
## Output variables. ##
## ----------------- ##

ACLOCAL='${SHELL} /Users/michael/Dropbox/MyProjects/python/opus-1.2.1/missing aclocal-1.15'
AMDEPBACKSLASH='\'
AMDEP_FALSE='#'
AMDEP_TRUE=''
AMTAR='$${TAR-tar}'
AM_BACKSLASH='\'
AM_DEFAULT_V='$(AM_DEFAULT_VERBOSITY)'
AM_DEFAULT_VERBOSITY='0'
AM_V='$(V)'
AR='ar'
ARM2GNU_PARAMS=''
ARM_NEON_INTR_CFLAGS='-mfpu=neon'
AUTOCONF='${SHELL} /Users/michael/Dropbox/MyProjects/python/opus-1.2.1/missing autoconf'
AUTOHEADER='${SHELL} /Users/michael/Dropbox/MyProjects/python/opus-1.2.1/missing autoheader'
AUTOMAKE='${SHELL} /Users/michael/Dropbox/MyProjects/python/opus-1.2.1/missing automake-1.15'
AWK='awk'
CC='gcc'
CCAS='gcc'
CCASDEPMODE='depmode=gcc3'
CCASFLAGS='-g -O2'
CCDEPMODE='depmode=gcc3'
CFLAGS='-g -O2 -fvisibility=hidden -W -Wall -Wextra -Wcast-align -Wnested-externs -Wshadow -Wstrict-prototypes'
CPP='gcc -E'
CPPFLAGS=''
CPU_ARM_FALSE=''
CPU_ARM_TRUE='#'
CUSTOM_MODES_FALSE=''
CUSTOM_MODES_TRUE='#'
CYGPATH_W='echo'
DEFS='-DHAVE_CONFIG_H'
DEPDIR='.deps'
DISABLE_FLOAT_API_FALSE=''
DISABLE_FLOAT_API_TRUE='#'
DLLTOOL='false'
DSYMUTIL='dsymutil'
DUMPBIN=''
ECHO_C='\c'
ECHO_N=''
ECHO_T=''
EGREP='/usr/bin/grep -E'
EXEEXT=''
EXTRA_PROGRAMS_FALSE='#'
EXTRA_PROGRAMS_TRUE=''
FGREP='/usr/bin/grep -F'
FIXED_POINT_FALSE=''
FIXED_POINT_TRUE='#'
GREP='/usr/bin/grep'
HAVE_ARM_NE10=''
HAVE_ARM_NE10_FALSE=''
HAVE_ARM_NE10_TRUE='#'
HAVE_ARM_NEON_INTR_FALSE=''
HAVE_ARM_NEON_INTR_TRUE='#'
HAVE_AVX_FALSE='#'
HAVE_AVX_TRUE=''
HAVE_DOT='no'
HAVE_DOXYGEN='no'
HAVE_DOXYGEN_FALSE=''
HAVE_DOXYGEN_TRUE='#'
HAVE_PERL=''
HAVE_SSE2_FALSE='#'
HAVE_SSE2_TRUE=''
HAVE_SSE4_1_FALSE='#'
HAVE_SSE4_1_TRUE=''
HAVE_SSE_FALSE='#'
HAVE_SSE_TRUE=''
INSTALL_DATA='${INSTALL} -m 644'
INSTALL_PROGRAM='${INSTALL}'
INSTALL_SCRIPT='${INSTALL}'
INSTALL_STRIP_PROGRAM='$(install_sh) -c -s'
LD='/Applications/Xcode.app/Contents/Developer/Toolchains/XcodeDefault.xctoolchain/usr/bin/ld'
LDFLAGS=''
LIBM=''
LIBOBJS=''
LIBS=''
LIBTOOL='$(SHELL) $(top_builddir)/libtool'
LIPO='lipo'
LN_S='ln -s'
LTLIBOBJS=''
LT_SYS_LIBRARY_PATH=''
MAINT=''
MAINTAINER_MODE_FALSE='#'
MAINTAINER_MODE_TRUE=''
MAKEINFO='${SHELL} /Users/michael/Dropbox/MyProjects/python/opus-1.2.1/missing makeinfo'
MANIFEST_TOOL=':'
MKDIR_P='./install-sh -c -d'
NE10_CFLAGS=''
NE10_LIBS=''
NM='/usr/bin/nm -B'
NMEDIT='nmedit'
OBJDUMP='false'
OBJEXT='o'
OPUS_ARM_EXTERNAL_ASM_FALSE=''
OPUS_ARM_EXTERNAL_ASM_TRUE='#'
OPUS_ARM_INLINE_ASM_FALSE=''
OPUS_ARM_INLINE_ASM_TRUE='#'
OPUS_ARM_MAY_HAVE_EDSP=''
OPUS_ARM_MAY_HAVE_MEDIA=''
OPUS_ARM_MAY_HAVE_NEON=''
OPUS_ARM_NEON_INTR_CFLAGS=''
OPUS_HAVE_RTCD='1'
OPUS_LT_AGE='6'
OPUS_LT_CURRENT='6'
OPUS_LT_REVISION='1'
OPUS_X86_AVX_CFLAGS='-mavx'
OPUS_X86_SSE2_CFLAGS=''
OPUS_X86_SSE4_1_CFLAGS='-msse4.1'
OPUS_X86_SSE_CFLAGS=''
OTOOL64=':'
OTOOL='otool'
PACKAGE='opus'
PACKAGE_BUGREPORT='opus@xiph.org'
PACKAGE_NAME='opus'
PACKAGE_STRING='opus 1.2.1'
PACKAGE_TARNAME='opus'
PACKAGE_URL=''
PACKAGE_VERSION='1.2.1'
PATH_SEPARATOR=':'
PC_BUILD='floating-point'
RANLIB='ranlib'
SED='/usr/bin/sed'
SET_MAKE=''
SHELL='/bin/sh'
STRIP='strip'
VERSION='1.2.1'
X86_AVX_CFLAGS='-mavx'
X86_SSE2_CFLAGS='-msse2'
X86_SSE4_1_CFLAGS='-msse4.1'
X86_SSE_CFLAGS='-msse'
ac_ct_AR='ar'
ac_ct_CC='gcc'
ac_ct_DUMPBIN=''
am__EXEEXT_FALSE=''
am__EXEEXT_TRUE='#'
am__fastdepCCAS_FALSE='#'
am__fastdepCCAS_TRUE=''
am__fastdepCC_FALSE='#'
am__fastdepCC_TRUE=''
am__include='include'
am__isrc=''
am__leading_dot='.'
am__nodep='_no'
am__quote=''
am__tar='$${TAR-tar} chof - "$$tardir"'
am__untar='$${TAR-tar} xf -'
bindir='${exec_prefix}/bin'
build='x86_64-apple-darwin15.6.0'
build_alias=''
build_cpu='x86_64'
build_os='darwin15.6.0'
build_vendor='apple'
datadir='${datarootdir}'
datarootdir='${prefix}/share'
docdir='${datarootdir}/doc/${PACKAGE_TARNAME}'
dvidir='${docdir}'
exec_prefix='${prefix}'
host='x86_64-apple-darwin15.6.0'
host_alias=''
host_cpu='x86_64'
host_os='darwin15.6.0'
host_vendor='apple'
htmldir='${docdir}'
includedir='${prefix}/include'
infodir='${datarootdir}/info'
install_sh='${SHELL} /Users/michael/Dropbox/MyProjects/python/opus-1.2.1/install-sh'
libdir='${exec_prefix}/lib'
libexecdir='${exec_prefix}/libexec'
localedir='${datarootdir}/locale'
localstatedir='${prefix}/var'
mandir='${datarootdir}/man'
mkdir_p='$(MKDIR_P)'
oldincludedir='/usr/include'
pdfdir='${docdir}'
prefix='/usr/local'
program_transform_name='s,x,x,'
psdir='${docdir}'
sbindir='${exec_prefix}/sbin'
sharedstatedir='${prefix}/com'
sysconfdir='${prefix}/etc'
target_alias=''

## ----------- ##
## confdefs.h. ##
## ----------- ##

/* confdefs.h */
#define PACKAGE_NAME "opus"
#define PACKAGE_TARNAME "opus"
#define PACKAGE_VERSION "1.2.1"
#define PACKAGE_STRING "opus 1.2.1"
#define PACKAGE_BUGREPORT "opus@xiph.org"
#define PACKAGE_URL ""
#define STDC_HEADERS 1
#define HAVE_SYS_TYPES_H 1
#define HAVE_SYS_STAT_H 1
#define HAVE_STDLIB_H 1
#define HAVE_STRING_H 1
#define HAVE_MEMORY_H 1
#define HAVE_STRINGS_H 1
#define HAVE_INTTYPES_H 1
#define HAVE_STDINT_H 1
#define HAVE_UNISTD_H 1
#define HAVE_DLFCN_H 1
#define LT_OBJDIR ".libs/"
#define OPUS_BUILD /**/
#define restrict __restrict
#define VAR_ARRAYS 1
#define OPUS_X86_MAY_HAVE_SSE 1
#define OPUS_X86_PRESUME_SSE 1
#define OPUS_X86_MAY_HAVE_SSE2 1
#define OPUS_X86_PRESUME_SSE2 1
#define OPUS_X86_MAY_HAVE_SSE4_1 1
#define OPUS_X86_MAY_HAVE_AVX 1
#define CPU_INFO_BY_ASM 1
#define OPUS_HAVE_RTCD 1
#define HAVE_LRINTF 1
#define HAVE_LRINT 1

configure: exit 0
